<?xml version="1.0" encoding="UTF-8"?>
<!-- Generated by org.testng.reporters.JUnitReportReporter -->
<testsuite hostname="hariharabalajit" failures="0" tests="1" name="SelExercise.SelEx2" time="60.413" errors="0" timestamp="2022-05-19T15:18:50 IST" skipped="0">
  <testcase classname="SelExercise.SelEx2" name="runSelEx2" time="60.413"/>
  <system-out/>
</testsuite> <!-- SelExercise.SelEx2 -->
