<?xml version="1.0" encoding="UTF-8"?>
<!-- Generated by org.testng.reporters.JUnitReportReporter -->
<testsuite hostname="hariharabalajit" failures="0" tests="1" name="Bank.HdfcBank" time="59.617" errors="0" timestamp="2022-05-23T15:55:35 IST" skipped="0">
  <testcase classname="Bank.HdfcBank" name="runHdfcBank" time="59.617"/>
  <system-out/>
</testsuite> <!-- Bank.HdfcBank -->
