<?xml version="1.0" encoding="UTF-8"?>
<!-- Generated by org.testng.reporters.JUnitReportReporter -->
<testsuite hostname="hariharabalajit" failures="0" tests="1" name="SelExercise.HdfcBank" time="54.307" errors="0" timestamp="2022-05-25T11:09:52 IST" skipped="0">
  <testcase classname="SelExercise.HdfcBank" name="runHdfcBank" time="54.307"/>
  <system-out/>
</testsuite> <!-- SelExercise.HdfcBank -->
